Change Component Comment : Designator=IReg1 Old Comment=NUD4001 New Comment=NSVD4001DR2G
Change Component Comment : Designator=IReg2 Old Comment=NUD4001 New Comment=NSVD4001DR2G
Change Component Comment : Designator=IReg3 Old Comment=NUD4001 New Comment=NSVD4001DR2G
Change Component Comment : Designator=IReg4 Old Comment=NUD4001 New Comment=NSVD4001DR2G
Change component parameters: Designator = "IReg1" ("IReg1"); Footprint = "SO8_M"; UniqueID = "\AJQGGFNU" ("\AJQGGFNU")
Change component parameters (AddParameter): Name = "Applications"; Value = "Automotive, Lighting"; VariantName = "[No Variations]"
Change component parameters (AddParameter): Name = "Category"; Value = "Integrated Circuits (ICs)"; VariantName = "[No Variations]"
Change component parameters (AddParameter): Name = "ComponentLink1Description"; Value = "http://www.onsemi.com/pub_link/Collateral/NUD4001-D.PDF"; VariantName = "[No Variations]"
Change component parameters (AddParameter): Name = "ComponentLink1URL"; Value = "http://www.onsemi.com/pub_link/Collateral/NUD4001-D.PDF"; VariantName = "[No Variations]"
Change component parameters (AddParameter): Name = "Current - Output / Channel"; Value = "500mA"; VariantName = "[No Variations]"
Change component parameters (AddParameter): Name = "Dimming"; Value = "PWM"; VariantName = "[No Variations]"
Change component parameters (AddParameter): Name = "Frequency"; Value = "-"; VariantName = "[No Variations]"
Change component parameters (AddParameter): Name = "Internal Switch(s)"; Value = "Yes"; VariantName = "[No Variations]"
Change component parameters (AddParameter): Name = "Manufacturer"; Value = "ON Semiconductor"; VariantName = "[No Variations]"
Change component parameters (AddParameter): Name = "Manufacturer Part Number"; Value = "NUD4001DR2G"; VariantName = "[No Variations]"
Change component parameters (AddParameter): Name = "Mounting Type"; Value = "Surface Mount"; VariantName = "[No Variations]"
Change component parameters (AddParameter): Name = "Number of Outputs"; Value = "1"; VariantName = "[No Variations]"
Change component parameters (AddParameter): Name = "Operating Temperature"; Value = "-40°C ~ 125°C (TA)"; VariantName = "[No Variations]"
Change component parameters (AddParameter): Name = "Package / Case"; Value = "8-SOIC (0.154", 3.90mm Width)"; VariantName = "[No Variations]"
Change component parameters (AddParameter): Name = "Packaging"; Value = "Cut Tape (CT)"; VariantName = "[No Variations]"
Change component parameters (AddParameter): Name = "Part Status"; Value = "Active"; VariantName = "[No Variations]"
Change component parameters (AddParameter): Name = "Pricing 1"; Value = "1=1.36, 10=1.197, 100=0.9174, 500=0.72524, 1000=0.58019 (CAD)"; VariantName = "[No Variations]"
Change component parameters (AddParameter): Name = "RoHS"; Value = "RoHS Compliant"; VariantName = "[No Variations]"
Change component parameters (AddParameter): Name = "Stock 1"; Value = "212669"; VariantName = "[No Variations]"
Change component parameters (AddParameter): Name = "Supplier 1"; Value = "Digi-Key"; VariantName = "[No Variations]"
Change component parameters (AddParameter): Name = "Supplier Device Package"; Value = "8-SOIC"; VariantName = "[No Variations]"
Change component parameters (AddParameter): Name = "Supplier Part Number 1"; Value = "NSVD4001DR2GOSCT-ND"; VariantName = "[No Variations]"
Change component parameters (AddParameter): Name = "Topology"; Value = "-"; VariantName = "[No Variations]"
Change component parameters (AddParameter): Name = "Type"; Value = "Linear"; VariantName = "[No Variations]"
Change component parameters (AddParameter): Name = "Voltage - Output"; Value = "28V"; VariantName = "[No Variations]"
Change component parameters (AddParameter): Name = "Voltage - Supply (Max)"; Value = "30V"; VariantName = "[No Variations]"
Change component parameters (AddParameter): Name = "Voltage - Supply (Min)"; Value = "3.6V"; VariantName = "[No Variations]"
Change component parameters: Designator = "IReg2" ("IReg2"); Footprint = "SO8_M"; UniqueID = "\TXNKYFOF" ("\TXNKYFOF")
Change component parameters (AddParameter): Name = "Applications"; Value = "Automotive, Lighting"; VariantName = "[No Variations]"
Change component parameters (AddParameter): Name = "Category"; Value = "Integrated Circuits (ICs)"; VariantName = "[No Variations]"
Change component parameters (AddParameter): Name = "ComponentLink1Description"; Value = "http://www.onsemi.com/pub_link/Collateral/NUD4001-D.PDF"; VariantName = "[No Variations]"
Change component parameters (AddParameter): Name = "ComponentLink1URL"; Value = "http://www.onsemi.com/pub_link/Collateral/NUD4001-D.PDF"; VariantName = "[No Variations]"
Change component parameters (AddParameter): Name = "Current - Output / Channel"; Value = "500mA"; VariantName = "[No Variations]"
Change component parameters (AddParameter): Name = "Dimming"; Value = "PWM"; VariantName = "[No Variations]"
Change component parameters (AddParameter): Name = "Frequency"; Value = "-"; VariantName = "[No Variations]"
Change component parameters (AddParameter): Name = "Internal Switch(s)"; Value = "Yes"; VariantName = "[No Variations]"
Change component parameters (AddParameter): Name = "Manufacturer"; Value = "ON Semiconductor"; VariantName = "[No Variations]"
Change component parameters (AddParameter): Name = "Manufacturer Part Number"; Value = "NUD4001DR2G"; VariantName = "[No Variations]"
Change component parameters (AddParameter): Name = "Mounting Type"; Value = "Surface Mount"; VariantName = "[No Variations]"
Change component parameters (AddParameter): Name = "Number of Outputs"; Value = "1"; VariantName = "[No Variations]"
Change component parameters (AddParameter): Name = "Operating Temperature"; Value = "-40°C ~ 125°C (TA)"; VariantName = "[No Variations]"
Change component parameters (AddParameter): Name = "Package / Case"; Value = "8-SOIC (0.154", 3.90mm Width)"; VariantName = "[No Variations]"
Change component parameters (AddParameter): Name = "Packaging"; Value = "Cut Tape (CT)"; VariantName = "[No Variations]"
Change component parameters (AddParameter): Name = "Part Status"; Value = "Active"; VariantName = "[No Variations]"
Change component parameters (AddParameter): Name = "Pricing 1"; Value = "1=1.36, 10=1.197, 100=0.9174, 500=0.72524, 1000=0.58019 (CAD)"; VariantName = "[No Variations]"
Change component parameters (AddParameter): Name = "RoHS"; Value = "RoHS Compliant"; VariantName = "[No Variations]"
Change component parameters (AddParameter): Name = "Stock 1"; Value = "212669"; VariantName = "[No Variations]"
Change component parameters (AddParameter): Name = "Supplier 1"; Value = "Digi-Key"; VariantName = "[No Variations]"
Change component parameters (AddParameter): Name = "Supplier Device Package"; Value = "8-SOIC"; VariantName = "[No Variations]"
Change component parameters (AddParameter): Name = "Supplier Part Number 1"; Value = "NSVD4001DR2GOSCT-ND"; VariantName = "[No Variations]"
Change component parameters (AddParameter): Name = "Topology"; Value = "-"; VariantName = "[No Variations]"
Change component parameters (AddParameter): Name = "Type"; Value = "Linear"; VariantName = "[No Variations]"
Change component parameters (AddParameter): Name = "Voltage - Output"; Value = "28V"; VariantName = "[No Variations]"
Change component parameters (AddParameter): Name = "Voltage - Supply (Max)"; Value = "30V"; VariantName = "[No Variations]"
Change component parameters (AddParameter): Name = "Voltage - Supply (Min)"; Value = "3.6V"; VariantName = "[No Variations]"
Change component parameters: Designator = "IReg3" ("IReg3"); Footprint = "SO8_M"; UniqueID = "\EBNKHTYV" ("\EBNKHTYV")
Change component parameters (AddParameter): Name = "Applications"; Value = "Automotive, Lighting"; VariantName = "[No Variations]"
Change component parameters (AddParameter): Name = "Category"; Value = "Integrated Circuits (ICs)"; VariantName = "[No Variations]"
Change component parameters (AddParameter): Name = "ComponentLink1Description"; Value = "http://www.onsemi.com/pub_link/Collateral/NUD4001-D.PDF"; VariantName = "[No Variations]"
Change component parameters (AddParameter): Name = "ComponentLink1URL"; Value = "http://www.onsemi.com/pub_link/Collateral/NUD4001-D.PDF"; VariantName = "[No Variations]"
Change component parameters (AddParameter): Name = "Current - Output / Channel"; Value = "500mA"; VariantName = "[No Variations]"
Change component parameters (AddParameter): Name = "Dimming"; Value = "PWM"; VariantName = "[No Variations]"
Change component parameters (AddParameter): Name = "Frequency"; Value = "-"; VariantName = "[No Variations]"
Change component parameters (AddParameter): Name = "Internal Switch(s)"; Value = "Yes"; VariantName = "[No Variations]"
Change component parameters (AddParameter): Name = "Manufacturer"; Value = "ON Semiconductor"; VariantName = "[No Variations]"
Change component parameters (AddParameter): Name = "Manufacturer Part Number"; Value = "NUD4001DR2G"; VariantName = "[No Variations]"
Change component parameters (AddParameter): Name = "Mounting Type"; Value = "Surface Mount"; VariantName = "[No Variations]"
Change component parameters (AddParameter): Name = "Number of Outputs"; Value = "1"; VariantName = "[No Variations]"
Change component parameters (AddParameter): Name = "Operating Temperature"; Value = "-40°C ~ 125°C (TA)"; VariantName = "[No Variations]"
Change component parameters (AddParameter): Name = "Package / Case"; Value = "8-SOIC (0.154", 3.90mm Width)"; VariantName = "[No Variations]"
Change component parameters (AddParameter): Name = "Packaging"; Value = "Cut Tape (CT)"; VariantName = "[No Variations]"
Change component parameters (AddParameter): Name = "Part Status"; Value = "Active"; VariantName = "[No Variations]"
Change component parameters (AddParameter): Name = "Pricing 1"; Value = "1=1.36, 10=1.197, 100=0.9174, 500=0.72524, 1000=0.58019 (CAD)"; VariantName = "[No Variations]"
Change component parameters (AddParameter): Name = "RoHS"; Value = "RoHS Compliant"; VariantName = "[No Variations]"
Change component parameters (AddParameter): Name = "Stock 1"; Value = "212669"; VariantName = "[No Variations]"
Change component parameters (AddParameter): Name = "Supplier 1"; Value = "Digi-Key"; VariantName = "[No Variations]"
Change component parameters (AddParameter): Name = "Supplier Device Package"; Value = "8-SOIC"; VariantName = "[No Variations]"
Change component parameters (AddParameter): Name = "Supplier Part Number 1"; Value = "NSVD4001DR2GOSCT-ND"; VariantName = "[No Variations]"
Change component parameters (AddParameter): Name = "Topology"; Value = "-"; VariantName = "[No Variations]"
Change component parameters (AddParameter): Name = "Type"; Value = "Linear"; VariantName = "[No Variations]"
Change component parameters (AddParameter): Name = "Voltage - Output"; Value = "28V"; VariantName = "[No Variations]"
Change component parameters (AddParameter): Name = "Voltage - Supply (Max)"; Value = "30V"; VariantName = "[No Variations]"
Change component parameters (AddParameter): Name = "Voltage - Supply (Min)"; Value = "3.6V"; VariantName = "[No Variations]"
Change component parameters: Designator = "IReg4" ("IReg4"); Footprint = "SO8_M"; UniqueID = "\TTSIEJUV" ("\TTSIEJUV")
Change component parameters (AddParameter): Name = "Applications"; Value = "Automotive, Lighting"; VariantName = "[No Variations]"
Change component parameters (AddParameter): Name = "Category"; Value = "Integrated Circuits (ICs)"; VariantName = "[No Variations]"
Change component parameters (AddParameter): Name = "ComponentLink1Description"; Value = "http://www.onsemi.com/pub_link/Collateral/NUD4001-D.PDF"; VariantName = "[No Variations]"
Change component parameters (AddParameter): Name = "ComponentLink1URL"; Value = "http://www.onsemi.com/pub_link/Collateral/NUD4001-D.PDF"; VariantName = "[No Variations]"
Change component parameters (AddParameter): Name = "Current - Output / Channel"; Value = "500mA"; VariantName = "[No Variations]"
Change component parameters (AddParameter): Name = "Dimming"; Value = "PWM"; VariantName = "[No Variations]"
Change component parameters (AddParameter): Name = "Frequency"; Value = "-"; VariantName = "[No Variations]"
Change component parameters (AddParameter): Name = "Internal Switch(s)"; Value = "Yes"; VariantName = "[No Variations]"
Change component parameters (AddParameter): Name = "Manufacturer"; Value = "ON Semiconductor"; VariantName = "[No Variations]"
Change component parameters (AddParameter): Name = "Manufacturer Part Number"; Value = "NUD4001DR2G"; VariantName = "[No Variations]"
Change component parameters (AddParameter): Name = "Mounting Type"; Value = "Surface Mount"; VariantName = "[No Variations]"
Change component parameters (AddParameter): Name = "Number of Outputs"; Value = "1"; VariantName = "[No Variations]"
Change component parameters (AddParameter): Name = "Operating Temperature"; Value = "-40°C ~ 125°C (TA)"; VariantName = "[No Variations]"
Change component parameters (AddParameter): Name = "Package / Case"; Value = "8-SOIC (0.154", 3.90mm Width)"; VariantName = "[No Variations]"
Change component parameters (AddParameter): Name = "Packaging"; Value = "Cut Tape (CT)"; VariantName = "[No Variations]"
Change component parameters (AddParameter): Name = "Part Status"; Value = "Active"; VariantName = "[No Variations]"
Change component parameters (AddParameter): Name = "Pricing 1"; Value = "1=1.36, 10=1.197, 100=0.9174, 500=0.72524, 1000=0.58019 (CAD)"; VariantName = "[No Variations]"
Change component parameters (AddParameter): Name = "RoHS"; Value = "RoHS Compliant"; VariantName = "[No Variations]"
Change component parameters (AddParameter): Name = "Stock 1"; Value = "212669"; VariantName = "[No Variations]"
Change component parameters (AddParameter): Name = "Supplier 1"; Value = "Digi-Key"; VariantName = "[No Variations]"
Change component parameters (AddParameter): Name = "Supplier Device Package"; Value = "8-SOIC"; VariantName = "[No Variations]"
Change component parameters (AddParameter): Name = "Supplier Part Number 1"; Value = "NSVD4001DR2GOSCT-ND"; VariantName = "[No Variations]"
Change component parameters (AddParameter): Name = "Topology"; Value = "-"; VariantName = "[No Variations]"
Change component parameters (AddParameter): Name = "Type"; Value = "Linear"; VariantName = "[No Variations]"
Change component parameters (AddParameter): Name = "Voltage - Output"; Value = "28V"; VariantName = "[No Variations]"
Change component parameters (AddParameter): Name = "Voltage - Supply (Max)"; Value = "30V"; VariantName = "[No Variations]"
Change component parameters (AddParameter): Name = "Voltage - Supply (Min)"; Value = "3.6V"; VariantName = "[No Variations]"
Change Net Name : Old Net Name=Dash Toggle New Net Name=Launch Control
Change Net Name : Old Net Name=Dash Toggle Interm New Net Name=Launch Control Interm
Change Net Name : Old Net Name=Regen Btn New Net Name=Traction Control
Change Net Name : Old Net Name=Regen Btn Interm New Net Name=Traction Control Interm
Change Net Name : Old Net Name=UC Dash Toggle New Net Name=UC Launch Btn
Change Net Name : Old Net Name=UC Regen Btn New Net Name=UC Traction Btn
